Determining if the pthread_create exist failed with the following output:
Change Dir: /home/rrameshwar/JacoTeleoperationHaptics/build_isolated/grasp_planning_graspit/CMakeFiles/CMakeTmp

Run Build Command:"/usr/bin/make" "cmTC_75de4/fast"
/usr/bin/make -f CMakeFiles/cmTC_75de4.dir/build.make CMakeFiles/cmTC_75de4.dir/build
make[1]: Entering directory '/home/rrameshwar/JacoTeleoperationHaptics/build_isolated/grasp_planning_graspit/CMakeFiles/CMakeTmp'
Building C object CMakeFiles/cmTC_75de4.dir/CheckSymbolExists.c.o
/usr/bin/cc    -o CMakeFiles/cmTC_75de4.dir/CheckSymbolExists.c.o   -c /home/rrameshwar/JacoTeleoperationHaptics/build_isolated/grasp_planning_graspit/CMakeFiles/CMakeTmp/CheckSymbolExists.c
Linking C executable cmTC_75de4
/usr/bin/cmake -E cmake_link_script CMakeFiles/cmTC_75de4.dir/link.txt --verbose=1
/usr/bin/cc      -rdynamic CMakeFiles/cmTC_75de4.dir/CheckSymbolExists.c.o  -o cmTC_75de4 
CMakeFiles/cmTC_75de4.dir/CheckSymbolExists.c.o: In function `main':
CheckSymbolExists.c:(.text+0x1b): undefined reference to `pthread_create'
collect2: error: ld returned 1 exit status
CMakeFiles/cmTC_75de4.dir/build.make:97: recipe for target 'cmTC_75de4' failed
make[1]: *** [cmTC_75de4] Error 1
make[1]: Leaving directory '/home/rrameshwar/JacoTeleoperationHaptics/build_isolated/grasp_planning_graspit/CMakeFiles/CMakeTmp'
Makefile:126: recipe for target 'cmTC_75de4/fast' failed
make: *** [cmTC_75de4/fast] Error 2

File /home/rrameshwar/JacoTeleoperationHaptics/build_isolated/grasp_planning_graspit/CMakeFiles/CMakeTmp/CheckSymbolExists.c:
/* */
#include <pthread.h>

int main(int argc, char** argv)
{
  (void)argv;
#ifndef pthread_create
  return ((int*)(&pthread_create))[argc];
#else
  (void)argc;
  return 0;
#endif
}

Determining if the function pthread_create exists in the pthreads failed with the following output:
Change Dir: /home/rrameshwar/JacoTeleoperationHaptics/build_isolated/grasp_planning_graspit/CMakeFiles/CMakeTmp

Run Build Command:"/usr/bin/make" "cmTC_24b69/fast"
/usr/bin/make -f CMakeFiles/cmTC_24b69.dir/build.make CMakeFiles/cmTC_24b69.dir/build
make[1]: Entering directory '/home/rrameshwar/JacoTeleoperationHaptics/build_isolated/grasp_planning_graspit/CMakeFiles/CMakeTmp'
Building C object CMakeFiles/cmTC_24b69.dir/CheckFunctionExists.c.o
/usr/bin/cc   -DCHECK_FUNCTION_EXISTS=pthread_create   -o CMakeFiles/cmTC_24b69.dir/CheckFunctionExists.c.o   -c /usr/share/cmake-3.10/Modules/CheckFunctionExists.c
Linking C executable cmTC_24b69
/usr/bin/cmake -E cmake_link_script CMakeFiles/cmTC_24b69.dir/link.txt --verbose=1
/usr/bin/cc  -DCHECK_FUNCTION_EXISTS=pthread_create    -rdynamic CMakeFiles/cmTC_24b69.dir/CheckFunctionExists.c.o  -o cmTC_24b69 -lpthreads 
/usr/bin/x86_64-linux-gnu-ld: cannot find -lpthreads
collect2: error: ld returned 1 exit status
CMakeFiles/cmTC_24b69.dir/build.make:97: recipe for target 'cmTC_24b69' failed
make[1]: *** [cmTC_24b69] Error 1
make[1]: Leaving directory '/home/rrameshwar/JacoTeleoperationHaptics/build_isolated/grasp_planning_graspit/CMakeFiles/CMakeTmp'
Makefile:126: recipe for target 'cmTC_24b69/fast' failed
make: *** [cmTC_24b69/fast] Error 2


Determining if the Q_WS_WIN exist failed with the following output:
Change Dir: /home/rrameshwar/JacoTeleoperationHaptics/build_isolated/grasp_planning_graspit/CMakeFiles/CMakeTmp

Run Build Command:"/usr/bin/make" "cmTC_f2776/fast"
/usr/bin/make -f CMakeFiles/cmTC_f2776.dir/build.make CMakeFiles/cmTC_f2776.dir/build
make[1]: Entering directory '/home/rrameshwar/JacoTeleoperationHaptics/build_isolated/grasp_planning_graspit/CMakeFiles/CMakeTmp'
Building CXX object CMakeFiles/cmTC_f2776.dir/CheckSymbolExists.cxx.o
/usr/bin/c++   -I/usr/include/qt4   -o CMakeFiles/cmTC_f2776.dir/CheckSymbolExists.cxx.o -c /home/rrameshwar/JacoTeleoperationHaptics/build_isolated/grasp_planning_graspit/CMakeFiles/CMakeTmp/CheckSymbolExists.cxx
/home/rrameshwar/JacoTeleoperationHaptics/build_isolated/grasp_planning_graspit/CMakeFiles/CMakeTmp/CheckSymbolExists.cxx: In function ‘int main(int, char**)’:
/home/rrameshwar/JacoTeleoperationHaptics/build_isolated/grasp_planning_graspit/CMakeFiles/CMakeTmp/CheckSymbolExists.cxx:8:19: error: ‘Q_WS_WIN’ was not declared in this scope
   return ((int*)(&Q_WS_WIN))[argc];
                   ^~~~~~~~
CMakeFiles/cmTC_f2776.dir/build.make:65: recipe for target 'CMakeFiles/cmTC_f2776.dir/CheckSymbolExists.cxx.o' failed
make[1]: *** [CMakeFiles/cmTC_f2776.dir/CheckSymbolExists.cxx.o] Error 1
make[1]: Leaving directory '/home/rrameshwar/JacoTeleoperationHaptics/build_isolated/grasp_planning_graspit/CMakeFiles/CMakeTmp'
Makefile:126: recipe for target 'cmTC_f2776/fast' failed
make: *** [cmTC_f2776/fast] Error 2

File /home/rrameshwar/JacoTeleoperationHaptics/build_isolated/grasp_planning_graspit/CMakeFiles/CMakeTmp/CheckSymbolExists.cxx:
/* */
#include <QtCore/qglobal.h>

int main(int argc, char** argv)
{
  (void)argv;
#ifndef Q_WS_WIN
  return ((int*)(&Q_WS_WIN))[argc];
#else
  (void)argc;
  return 0;
#endif
}

Determining if the Q_WS_QWS exist failed with the following output:
Change Dir: /home/rrameshwar/JacoTeleoperationHaptics/build_isolated/grasp_planning_graspit/CMakeFiles/CMakeTmp

Run Build Command:"/usr/bin/make" "cmTC_92d96/fast"
/usr/bin/make -f CMakeFiles/cmTC_92d96.dir/build.make CMakeFiles/cmTC_92d96.dir/build
make[1]: Entering directory '/home/rrameshwar/JacoTeleoperationHaptics/build_isolated/grasp_planning_graspit/CMakeFiles/CMakeTmp'
Building CXX object CMakeFiles/cmTC_92d96.dir/CheckSymbolExists.cxx.o
/usr/bin/c++   -I/usr/include/qt4   -o CMakeFiles/cmTC_92d96.dir/CheckSymbolExists.cxx.o -c /home/rrameshwar/JacoTeleoperationHaptics/build_isolated/grasp_planning_graspit/CMakeFiles/CMakeTmp/CheckSymbolExists.cxx
/home/rrameshwar/JacoTeleoperationHaptics/build_isolated/grasp_planning_graspit/CMakeFiles/CMakeTmp/CheckSymbolExists.cxx: In function ‘int main(int, char**)’:
/home/rrameshwar/JacoTeleoperationHaptics/build_isolated/grasp_planning_graspit/CMakeFiles/CMakeTmp/CheckSymbolExists.cxx:8:19: error: ‘Q_WS_QWS’ was not declared in this scope
   return ((int*)(&Q_WS_QWS))[argc];
                   ^~~~~~~~
CMakeFiles/cmTC_92d96.dir/build.make:65: recipe for target 'CMakeFiles/cmTC_92d96.dir/CheckSymbolExists.cxx.o' failed
make[1]: *** [CMakeFiles/cmTC_92d96.dir/CheckSymbolExists.cxx.o] Error 1
make[1]: Leaving directory '/home/rrameshwar/JacoTeleoperationHaptics/build_isolated/grasp_planning_graspit/CMakeFiles/CMakeTmp'
Makefile:126: recipe for target 'cmTC_92d96/fast' failed
make: *** [cmTC_92d96/fast] Error 2

File /home/rrameshwar/JacoTeleoperationHaptics/build_isolated/grasp_planning_graspit/CMakeFiles/CMakeTmp/CheckSymbolExists.cxx:
/* */
#include <QtCore/qglobal.h>

int main(int argc, char** argv)
{
  (void)argv;
#ifndef Q_WS_QWS
  return ((int*)(&Q_WS_QWS))[argc];
#else
  (void)argc;
  return 0;
#endif
}

Determining if the Q_WS_MAC exist failed with the following output:
Change Dir: /home/rrameshwar/JacoTeleoperationHaptics/build_isolated/grasp_planning_graspit/CMakeFiles/CMakeTmp

Run Build Command:"/usr/bin/make" "cmTC_7100c/fast"
/usr/bin/make -f CMakeFiles/cmTC_7100c.dir/build.make CMakeFiles/cmTC_7100c.dir/build
make[1]: Entering directory '/home/rrameshwar/JacoTeleoperationHaptics/build_isolated/grasp_planning_graspit/CMakeFiles/CMakeTmp'
Building CXX object CMakeFiles/cmTC_7100c.dir/CheckSymbolExists.cxx.o
/usr/bin/c++   -I/usr/include/qt4   -o CMakeFiles/cmTC_7100c.dir/CheckSymbolExists.cxx.o -c /home/rrameshwar/JacoTeleoperationHaptics/build_isolated/grasp_planning_graspit/CMakeFiles/CMakeTmp/CheckSymbolExists.cxx
/home/rrameshwar/JacoTeleoperationHaptics/build_isolated/grasp_planning_graspit/CMakeFiles/CMakeTmp/CheckSymbolExists.cxx: In function ‘int main(int, char**)’:
/home/rrameshwar/JacoTeleoperationHaptics/build_isolated/grasp_planning_graspit/CMakeFiles/CMakeTmp/CheckSymbolExists.cxx:8:19: error: ‘Q_WS_MAC’ was not declared in this scope
   return ((int*)(&Q_WS_MAC))[argc];
                   ^~~~~~~~
CMakeFiles/cmTC_7100c.dir/build.make:65: recipe for target 'CMakeFiles/cmTC_7100c.dir/CheckSymbolExists.cxx.o' failed
make[1]: *** [CMakeFiles/cmTC_7100c.dir/CheckSymbolExists.cxx.o] Error 1
make[1]: Leaving directory '/home/rrameshwar/JacoTeleoperationHaptics/build_isolated/grasp_planning_graspit/CMakeFiles/CMakeTmp'
Makefile:126: recipe for target 'cmTC_7100c/fast' failed
make: *** [cmTC_7100c/fast] Error 2

File /home/rrameshwar/JacoTeleoperationHaptics/build_isolated/grasp_planning_graspit/CMakeFiles/CMakeTmp/CheckSymbolExists.cxx:
/* */
#include <QtCore/qglobal.h>

int main(int argc, char** argv)
{
  (void)argv;
#ifndef Q_WS_MAC
  return ((int*)(&Q_WS_MAC))[argc];
#else
  (void)argc;
  return 0;
#endif
}

