Determining if the pthread_create exist failed with the following output:
Change Dir: /home/rrameshwar/JacoTeleoperationHaptics/build_isolated/grasp_execution_jaco_tutorial/CMakeFiles/CMakeTmp

Run Build Command:"/usr/bin/make" "cmTC_fbc9f/fast"
/usr/bin/make -f CMakeFiles/cmTC_fbc9f.dir/build.make CMakeFiles/cmTC_fbc9f.dir/build
make[1]: Entering directory '/home/rrameshwar/JacoTeleoperationHaptics/build_isolated/grasp_execution_jaco_tutorial/CMakeFiles/CMakeTmp'
Building C object CMakeFiles/cmTC_fbc9f.dir/CheckSymbolExists.c.o
/usr/bin/cc    -o CMakeFiles/cmTC_fbc9f.dir/CheckSymbolExists.c.o   -c /home/rrameshwar/JacoTeleoperationHaptics/build_isolated/grasp_execution_jaco_tutorial/CMakeFiles/CMakeTmp/CheckSymbolExists.c
Linking C executable cmTC_fbc9f
/usr/bin/cmake -E cmake_link_script CMakeFiles/cmTC_fbc9f.dir/link.txt --verbose=1
/usr/bin/cc      -rdynamic CMakeFiles/cmTC_fbc9f.dir/CheckSymbolExists.c.o  -o cmTC_fbc9f 
CMakeFiles/cmTC_fbc9f.dir/CheckSymbolExists.c.o: In function `main':
CheckSymbolExists.c:(.text+0x1b): undefined reference to `pthread_create'
collect2: error: ld returned 1 exit status
CMakeFiles/cmTC_fbc9f.dir/build.make:97: recipe for target 'cmTC_fbc9f' failed
make[1]: *** [cmTC_fbc9f] Error 1
make[1]: Leaving directory '/home/rrameshwar/JacoTeleoperationHaptics/build_isolated/grasp_execution_jaco_tutorial/CMakeFiles/CMakeTmp'
Makefile:126: recipe for target 'cmTC_fbc9f/fast' failed
make: *** [cmTC_fbc9f/fast] Error 2

File /home/rrameshwar/JacoTeleoperationHaptics/build_isolated/grasp_execution_jaco_tutorial/CMakeFiles/CMakeTmp/CheckSymbolExists.c:
/* */
#include <pthread.h>

int main(int argc, char** argv)
{
  (void)argv;
#ifndef pthread_create
  return ((int*)(&pthread_create))[argc];
#else
  (void)argc;
  return 0;
#endif
}

Determining if the function pthread_create exists in the pthreads failed with the following output:
Change Dir: /home/rrameshwar/JacoTeleoperationHaptics/build_isolated/grasp_execution_jaco_tutorial/CMakeFiles/CMakeTmp

Run Build Command:"/usr/bin/make" "cmTC_9d661/fast"
/usr/bin/make -f CMakeFiles/cmTC_9d661.dir/build.make CMakeFiles/cmTC_9d661.dir/build
make[1]: Entering directory '/home/rrameshwar/JacoTeleoperationHaptics/build_isolated/grasp_execution_jaco_tutorial/CMakeFiles/CMakeTmp'
Building C object CMakeFiles/cmTC_9d661.dir/CheckFunctionExists.c.o
/usr/bin/cc   -DCHECK_FUNCTION_EXISTS=pthread_create   -o CMakeFiles/cmTC_9d661.dir/CheckFunctionExists.c.o   -c /usr/share/cmake-3.10/Modules/CheckFunctionExists.c
Linking C executable cmTC_9d661
/usr/bin/cmake -E cmake_link_script CMakeFiles/cmTC_9d661.dir/link.txt --verbose=1
/usr/bin/cc  -DCHECK_FUNCTION_EXISTS=pthread_create    -rdynamic CMakeFiles/cmTC_9d661.dir/CheckFunctionExists.c.o  -o cmTC_9d661 -lpthreads 
/usr/bin/x86_64-linux-gnu-ld: cannot find -lpthreads
collect2: error: ld returned 1 exit status
CMakeFiles/cmTC_9d661.dir/build.make:97: recipe for target 'cmTC_9d661' failed
make[1]: *** [cmTC_9d661] Error 1
make[1]: Leaving directory '/home/rrameshwar/JacoTeleoperationHaptics/build_isolated/grasp_execution_jaco_tutorial/CMakeFiles/CMakeTmp'
Makefile:126: recipe for target 'cmTC_9d661/fast' failed
make: *** [cmTC_9d661/fast] Error 2


