Determining if the pthread_create exist failed with the following output:
Change Dir: /home/rrameshwar/JacoTeleoperationHaptics/build_isolated/jaco_on_table_moveit/CMakeFiles/CMakeTmp

Run Build Command:"/usr/bin/make" "cmTC_fdd96/fast"
/usr/bin/make -f CMakeFiles/cmTC_fdd96.dir/build.make CMakeFiles/cmTC_fdd96.dir/build
make[1]: Entering directory '/home/rrameshwar/JacoTeleoperationHaptics/build_isolated/jaco_on_table_moveit/CMakeFiles/CMakeTmp'
Building C object CMakeFiles/cmTC_fdd96.dir/CheckSymbolExists.c.o
/usr/bin/cc    -o CMakeFiles/cmTC_fdd96.dir/CheckSymbolExists.c.o   -c /home/rrameshwar/JacoTeleoperationHaptics/build_isolated/jaco_on_table_moveit/CMakeFiles/CMakeTmp/CheckSymbolExists.c
Linking C executable cmTC_fdd96
/usr/bin/cmake -E cmake_link_script CMakeFiles/cmTC_fdd96.dir/link.txt --verbose=1
/usr/bin/cc      -rdynamic CMakeFiles/cmTC_fdd96.dir/CheckSymbolExists.c.o  -o cmTC_fdd96 
CMakeFiles/cmTC_fdd96.dir/CheckSymbolExists.c.o: In function `main':
CheckSymbolExists.c:(.text+0x1b): undefined reference to `pthread_create'
collect2: error: ld returned 1 exit status
CMakeFiles/cmTC_fdd96.dir/build.make:97: recipe for target 'cmTC_fdd96' failed
make[1]: *** [cmTC_fdd96] Error 1
make[1]: Leaving directory '/home/rrameshwar/JacoTeleoperationHaptics/build_isolated/jaco_on_table_moveit/CMakeFiles/CMakeTmp'
Makefile:126: recipe for target 'cmTC_fdd96/fast' failed
make: *** [cmTC_fdd96/fast] Error 2

File /home/rrameshwar/JacoTeleoperationHaptics/build_isolated/jaco_on_table_moveit/CMakeFiles/CMakeTmp/CheckSymbolExists.c:
/* */
#include <pthread.h>

int main(int argc, char** argv)
{
  (void)argv;
#ifndef pthread_create
  return ((int*)(&pthread_create))[argc];
#else
  (void)argc;
  return 0;
#endif
}

Determining if the function pthread_create exists in the pthreads failed with the following output:
Change Dir: /home/rrameshwar/JacoTeleoperationHaptics/build_isolated/jaco_on_table_moveit/CMakeFiles/CMakeTmp

Run Build Command:"/usr/bin/make" "cmTC_3d39b/fast"
/usr/bin/make -f CMakeFiles/cmTC_3d39b.dir/build.make CMakeFiles/cmTC_3d39b.dir/build
make[1]: Entering directory '/home/rrameshwar/JacoTeleoperationHaptics/build_isolated/jaco_on_table_moveit/CMakeFiles/CMakeTmp'
Building C object CMakeFiles/cmTC_3d39b.dir/CheckFunctionExists.c.o
/usr/bin/cc   -DCHECK_FUNCTION_EXISTS=pthread_create   -o CMakeFiles/cmTC_3d39b.dir/CheckFunctionExists.c.o   -c /usr/share/cmake-3.10/Modules/CheckFunctionExists.c
Linking C executable cmTC_3d39b
/usr/bin/cmake -E cmake_link_script CMakeFiles/cmTC_3d39b.dir/link.txt --verbose=1
/usr/bin/cc  -DCHECK_FUNCTION_EXISTS=pthread_create    -rdynamic CMakeFiles/cmTC_3d39b.dir/CheckFunctionExists.c.o  -o cmTC_3d39b -lpthreads 
/usr/bin/x86_64-linux-gnu-ld: cannot find -lpthreads
collect2: error: ld returned 1 exit status
CMakeFiles/cmTC_3d39b.dir/build.make:97: recipe for target 'cmTC_3d39b' failed
make[1]: *** [cmTC_3d39b] Error 1
make[1]: Leaving directory '/home/rrameshwar/JacoTeleoperationHaptics/build_isolated/jaco_on_table_moveit/CMakeFiles/CMakeTmp'
Makefile:126: recipe for target 'cmTC_3d39b/fast' failed
make: *** [cmTC_3d39b/fast] Error 2


