Determining if the pthread_create exist failed with the following output:
Change Dir: /home/rrameshwar/JacoTeleoperationHaptics/build_isolated/moveit_object_handling/CMakeFiles/CMakeTmp

Run Build Command:"/usr/bin/make" "cmTC_b9b84/fast"
/usr/bin/make -f CMakeFiles/cmTC_b9b84.dir/build.make CMakeFiles/cmTC_b9b84.dir/build
make[1]: Entering directory '/home/rrameshwar/JacoTeleoperationHaptics/build_isolated/moveit_object_handling/CMakeFiles/CMakeTmp'
Building C object CMakeFiles/cmTC_b9b84.dir/CheckSymbolExists.c.o
/usr/bin/cc    -o CMakeFiles/cmTC_b9b84.dir/CheckSymbolExists.c.o   -c /home/rrameshwar/JacoTeleoperationHaptics/build_isolated/moveit_object_handling/CMakeFiles/CMakeTmp/CheckSymbolExists.c
Linking C executable cmTC_b9b84
/usr/bin/cmake -E cmake_link_script CMakeFiles/cmTC_b9b84.dir/link.txt --verbose=1
/usr/bin/cc      -rdynamic CMakeFiles/cmTC_b9b84.dir/CheckSymbolExists.c.o  -o cmTC_b9b84 
CMakeFiles/cmTC_b9b84.dir/CheckSymbolExists.c.o: In function `main':
CheckSymbolExists.c:(.text+0x1b): undefined reference to `pthread_create'
collect2: error: ld returned 1 exit status
CMakeFiles/cmTC_b9b84.dir/build.make:97: recipe for target 'cmTC_b9b84' failed
make[1]: *** [cmTC_b9b84] Error 1
make[1]: Leaving directory '/home/rrameshwar/JacoTeleoperationHaptics/build_isolated/moveit_object_handling/CMakeFiles/CMakeTmp'
Makefile:126: recipe for target 'cmTC_b9b84/fast' failed
make: *** [cmTC_b9b84/fast] Error 2

File /home/rrameshwar/JacoTeleoperationHaptics/build_isolated/moveit_object_handling/CMakeFiles/CMakeTmp/CheckSymbolExists.c:
/* */
#include <pthread.h>

int main(int argc, char** argv)
{
  (void)argv;
#ifndef pthread_create
  return ((int*)(&pthread_create))[argc];
#else
  (void)argc;
  return 0;
#endif
}

Determining if the function pthread_create exists in the pthreads failed with the following output:
Change Dir: /home/rrameshwar/JacoTeleoperationHaptics/build_isolated/moveit_object_handling/CMakeFiles/CMakeTmp

Run Build Command:"/usr/bin/make" "cmTC_07d8b/fast"
/usr/bin/make -f CMakeFiles/cmTC_07d8b.dir/build.make CMakeFiles/cmTC_07d8b.dir/build
make[1]: Entering directory '/home/rrameshwar/JacoTeleoperationHaptics/build_isolated/moveit_object_handling/CMakeFiles/CMakeTmp'
Building C object CMakeFiles/cmTC_07d8b.dir/CheckFunctionExists.c.o
/usr/bin/cc   -DCHECK_FUNCTION_EXISTS=pthread_create   -o CMakeFiles/cmTC_07d8b.dir/CheckFunctionExists.c.o   -c /usr/share/cmake-3.10/Modules/CheckFunctionExists.c
Linking C executable cmTC_07d8b
/usr/bin/cmake -E cmake_link_script CMakeFiles/cmTC_07d8b.dir/link.txt --verbose=1
/usr/bin/cc  -DCHECK_FUNCTION_EXISTS=pthread_create    -rdynamic CMakeFiles/cmTC_07d8b.dir/CheckFunctionExists.c.o  -o cmTC_07d8b -lpthreads 
/usr/bin/x86_64-linux-gnu-ld: cannot find -lpthreads
collect2: error: ld returned 1 exit status
CMakeFiles/cmTC_07d8b.dir/build.make:97: recipe for target 'cmTC_07d8b' failed
make[1]: *** [cmTC_07d8b] Error 1
make[1]: Leaving directory '/home/rrameshwar/JacoTeleoperationHaptics/build_isolated/moveit_object_handling/CMakeFiles/CMakeTmp'
Makefile:126: recipe for target 'cmTC_07d8b/fast' failed
make: *** [cmTC_07d8b/fast] Error 2


