Determining if the pthread_create exist failed with the following output:
Change Dir: /home/rrameshwar/JacoTeleoperationHaptics/build_isolated/grasp_planning_graspit_ros/CMakeFiles/CMakeTmp

Run Build Command:"/usr/bin/make" "cmTC_2a423/fast"
/usr/bin/make -f CMakeFiles/cmTC_2a423.dir/build.make CMakeFiles/cmTC_2a423.dir/build
make[1]: Entering directory '/home/rrameshwar/JacoTeleoperationHaptics/build_isolated/grasp_planning_graspit_ros/CMakeFiles/CMakeTmp'
Building C object CMakeFiles/cmTC_2a423.dir/CheckSymbolExists.c.o
/usr/bin/cc    -o CMakeFiles/cmTC_2a423.dir/CheckSymbolExists.c.o   -c /home/rrameshwar/JacoTeleoperationHaptics/build_isolated/grasp_planning_graspit_ros/CMakeFiles/CMakeTmp/CheckSymbolExists.c
Linking C executable cmTC_2a423
/usr/bin/cmake -E cmake_link_script CMakeFiles/cmTC_2a423.dir/link.txt --verbose=1
/usr/bin/cc      -rdynamic CMakeFiles/cmTC_2a423.dir/CheckSymbolExists.c.o  -o cmTC_2a423 
CMakeFiles/cmTC_2a423.dir/CheckSymbolExists.c.o: In function `main':
CheckSymbolExists.c:(.text+0x1b): undefined reference to `pthread_create'
collect2: error: ld returned 1 exit status
CMakeFiles/cmTC_2a423.dir/build.make:97: recipe for target 'cmTC_2a423' failed
make[1]: *** [cmTC_2a423] Error 1
make[1]: Leaving directory '/home/rrameshwar/JacoTeleoperationHaptics/build_isolated/grasp_planning_graspit_ros/CMakeFiles/CMakeTmp'
Makefile:126: recipe for target 'cmTC_2a423/fast' failed
make: *** [cmTC_2a423/fast] Error 2

File /home/rrameshwar/JacoTeleoperationHaptics/build_isolated/grasp_planning_graspit_ros/CMakeFiles/CMakeTmp/CheckSymbolExists.c:
/* */
#include <pthread.h>

int main(int argc, char** argv)
{
  (void)argv;
#ifndef pthread_create
  return ((int*)(&pthread_create))[argc];
#else
  (void)argc;
  return 0;
#endif
}

Determining if the function pthread_create exists in the pthreads failed with the following output:
Change Dir: /home/rrameshwar/JacoTeleoperationHaptics/build_isolated/grasp_planning_graspit_ros/CMakeFiles/CMakeTmp

Run Build Command:"/usr/bin/make" "cmTC_0305b/fast"
/usr/bin/make -f CMakeFiles/cmTC_0305b.dir/build.make CMakeFiles/cmTC_0305b.dir/build
make[1]: Entering directory '/home/rrameshwar/JacoTeleoperationHaptics/build_isolated/grasp_planning_graspit_ros/CMakeFiles/CMakeTmp'
Building C object CMakeFiles/cmTC_0305b.dir/CheckFunctionExists.c.o
/usr/bin/cc   -DCHECK_FUNCTION_EXISTS=pthread_create   -o CMakeFiles/cmTC_0305b.dir/CheckFunctionExists.c.o   -c /usr/share/cmake-3.10/Modules/CheckFunctionExists.c
Linking C executable cmTC_0305b
/usr/bin/cmake -E cmake_link_script CMakeFiles/cmTC_0305b.dir/link.txt --verbose=1
/usr/bin/cc  -DCHECK_FUNCTION_EXISTS=pthread_create    -rdynamic CMakeFiles/cmTC_0305b.dir/CheckFunctionExists.c.o  -o cmTC_0305b -lpthreads 
/usr/bin/x86_64-linux-gnu-ld: cannot find -lpthreads
collect2: error: ld returned 1 exit status
CMakeFiles/cmTC_0305b.dir/build.make:97: recipe for target 'cmTC_0305b' failed
make[1]: *** [cmTC_0305b] Error 1
make[1]: Leaving directory '/home/rrameshwar/JacoTeleoperationHaptics/build_isolated/grasp_planning_graspit_ros/CMakeFiles/CMakeTmp'
Makefile:126: recipe for target 'cmTC_0305b/fast' failed
make: *** [cmTC_0305b/fast] Error 2


