Determining if the pthread_create exist failed with the following output:
Change Dir: /home/rrameshwar/JacoTeleoperationHaptics/build_isolated/jaco_tutorial/CMakeFiles/CMakeTmp

Run Build Command:"/usr/bin/make" "cmTC_f8a75/fast"
/usr/bin/make -f CMakeFiles/cmTC_f8a75.dir/build.make CMakeFiles/cmTC_f8a75.dir/build
make[1]: Entering directory '/home/rrameshwar/JacoTeleoperationHaptics/build_isolated/jaco_tutorial/CMakeFiles/CMakeTmp'
Building C object CMakeFiles/cmTC_f8a75.dir/CheckSymbolExists.c.o
/usr/bin/cc    -o CMakeFiles/cmTC_f8a75.dir/CheckSymbolExists.c.o   -c /home/rrameshwar/JacoTeleoperationHaptics/build_isolated/jaco_tutorial/CMakeFiles/CMakeTmp/CheckSymbolExists.c
Linking C executable cmTC_f8a75
/usr/bin/cmake -E cmake_link_script CMakeFiles/cmTC_f8a75.dir/link.txt --verbose=1
/usr/bin/cc      -rdynamic CMakeFiles/cmTC_f8a75.dir/CheckSymbolExists.c.o  -o cmTC_f8a75 
CMakeFiles/cmTC_f8a75.dir/CheckSymbolExists.c.o: In function `main':
CheckSymbolExists.c:(.text+0x1b): undefined reference to `pthread_create'
collect2: error: ld returned 1 exit status
CMakeFiles/cmTC_f8a75.dir/build.make:97: recipe for target 'cmTC_f8a75' failed
make[1]: *** [cmTC_f8a75] Error 1
make[1]: Leaving directory '/home/rrameshwar/JacoTeleoperationHaptics/build_isolated/jaco_tutorial/CMakeFiles/CMakeTmp'
Makefile:126: recipe for target 'cmTC_f8a75/fast' failed
make: *** [cmTC_f8a75/fast] Error 2

File /home/rrameshwar/JacoTeleoperationHaptics/build_isolated/jaco_tutorial/CMakeFiles/CMakeTmp/CheckSymbolExists.c:
/* */
#include <pthread.h>

int main(int argc, char** argv)
{
  (void)argv;
#ifndef pthread_create
  return ((int*)(&pthread_create))[argc];
#else
  (void)argc;
  return 0;
#endif
}

Determining if the function pthread_create exists in the pthreads failed with the following output:
Change Dir: /home/rrameshwar/JacoTeleoperationHaptics/build_isolated/jaco_tutorial/CMakeFiles/CMakeTmp

Run Build Command:"/usr/bin/make" "cmTC_eaacc/fast"
/usr/bin/make -f CMakeFiles/cmTC_eaacc.dir/build.make CMakeFiles/cmTC_eaacc.dir/build
make[1]: Entering directory '/home/rrameshwar/JacoTeleoperationHaptics/build_isolated/jaco_tutorial/CMakeFiles/CMakeTmp'
Building C object CMakeFiles/cmTC_eaacc.dir/CheckFunctionExists.c.o
/usr/bin/cc   -DCHECK_FUNCTION_EXISTS=pthread_create   -o CMakeFiles/cmTC_eaacc.dir/CheckFunctionExists.c.o   -c /usr/share/cmake-3.10/Modules/CheckFunctionExists.c
Linking C executable cmTC_eaacc
/usr/bin/cmake -E cmake_link_script CMakeFiles/cmTC_eaacc.dir/link.txt --verbose=1
/usr/bin/cc  -DCHECK_FUNCTION_EXISTS=pthread_create    -rdynamic CMakeFiles/cmTC_eaacc.dir/CheckFunctionExists.c.o  -o cmTC_eaacc -lpthreads 
/usr/bin/x86_64-linux-gnu-ld: cannot find -lpthreads
collect2: error: ld returned 1 exit status
CMakeFiles/cmTC_eaacc.dir/build.make:97: recipe for target 'cmTC_eaacc' failed
make[1]: *** [cmTC_eaacc] Error 1
make[1]: Leaving directory '/home/rrameshwar/JacoTeleoperationHaptics/build_isolated/jaco_tutorial/CMakeFiles/CMakeTmp'
Makefile:126: recipe for target 'cmTC_eaacc/fast' failed
make: *** [cmTC_eaacc/fast] Error 2


