Determining if the pthread_create exist failed with the following output:
Change Dir: /home/rrameshwar/JacoTeleoperationHaptics/build_isolated/orocos_kdl/devel/CMakeFiles/CMakeTmp

Run Build Command:"/usr/bin/make" "cmTC_94e7d/fast"
/usr/bin/make -f CMakeFiles/cmTC_94e7d.dir/build.make CMakeFiles/cmTC_94e7d.dir/build
make[1]: Entering directory '/home/rrameshwar/JacoTeleoperationHaptics/build_isolated/orocos_kdl/devel/CMakeFiles/CMakeTmp'
Building C object CMakeFiles/cmTC_94e7d.dir/CheckSymbolExists.c.o
/usr/bin/cc    -o CMakeFiles/cmTC_94e7d.dir/CheckSymbolExists.c.o   -c /home/rrameshwar/JacoTeleoperationHaptics/build_isolated/orocos_kdl/devel/CMakeFiles/CMakeTmp/CheckSymbolExists.c
Linking C executable cmTC_94e7d
/usr/bin/cmake -E cmake_link_script CMakeFiles/cmTC_94e7d.dir/link.txt --verbose=1
/usr/bin/cc      -rdynamic CMakeFiles/cmTC_94e7d.dir/CheckSymbolExists.c.o  -o cmTC_94e7d 
CMakeFiles/cmTC_94e7d.dir/CheckSymbolExists.c.o: In function `main':
CheckSymbolExists.c:(.text+0x1b): undefined reference to `pthread_create'
collect2: error: ld returned 1 exit status
CMakeFiles/cmTC_94e7d.dir/build.make:97: recipe for target 'cmTC_94e7d' failed
make[1]: *** [cmTC_94e7d] Error 1
make[1]: Leaving directory '/home/rrameshwar/JacoTeleoperationHaptics/build_isolated/orocos_kdl/devel/CMakeFiles/CMakeTmp'
Makefile:126: recipe for target 'cmTC_94e7d/fast' failed
make: *** [cmTC_94e7d/fast] Error 2

File /home/rrameshwar/JacoTeleoperationHaptics/build_isolated/orocos_kdl/devel/CMakeFiles/CMakeTmp/CheckSymbolExists.c:
/* */
#include <pthread.h>

int main(int argc, char** argv)
{
  (void)argv;
#ifndef pthread_create
  return ((int*)(&pthread_create))[argc];
#else
  (void)argc;
  return 0;
#endif
}

Determining if the function pthread_create exists in the pthreads failed with the following output:
Change Dir: /home/rrameshwar/JacoTeleoperationHaptics/build_isolated/orocos_kdl/devel/CMakeFiles/CMakeTmp

Run Build Command:"/usr/bin/make" "cmTC_aa7cf/fast"
/usr/bin/make -f CMakeFiles/cmTC_aa7cf.dir/build.make CMakeFiles/cmTC_aa7cf.dir/build
make[1]: Entering directory '/home/rrameshwar/JacoTeleoperationHaptics/build_isolated/orocos_kdl/devel/CMakeFiles/CMakeTmp'
Building C object CMakeFiles/cmTC_aa7cf.dir/CheckFunctionExists.c.o
/usr/bin/cc   -DCHECK_FUNCTION_EXISTS=pthread_create   -o CMakeFiles/cmTC_aa7cf.dir/CheckFunctionExists.c.o   -c /usr/share/cmake-3.10/Modules/CheckFunctionExists.c
Linking C executable cmTC_aa7cf
/usr/bin/cmake -E cmake_link_script CMakeFiles/cmTC_aa7cf.dir/link.txt --verbose=1
/usr/bin/cc  -DCHECK_FUNCTION_EXISTS=pthread_create    -rdynamic CMakeFiles/cmTC_aa7cf.dir/CheckFunctionExists.c.o  -o cmTC_aa7cf -lpthreads 
/usr/bin/x86_64-linux-gnu-ld: cannot find -lpthreads
collect2: error: ld returned 1 exit status
CMakeFiles/cmTC_aa7cf.dir/build.make:97: recipe for target 'cmTC_aa7cf' failed
make[1]: *** [cmTC_aa7cf] Error 1
make[1]: Leaving directory '/home/rrameshwar/JacoTeleoperationHaptics/build_isolated/orocos_kdl/devel/CMakeFiles/CMakeTmp'
Makefile:126: recipe for target 'cmTC_aa7cf/fast' failed
make: *** [cmTC_aa7cf/fast] Error 2


