Determining if the pthread_create exist failed with the following output:
Change Dir: /home/rrameshwar/JacoTeleoperationHaptics/build_isolated/convenience_ros_functions/CMakeFiles/CMakeTmp

Run Build Command:"/usr/bin/make" "cmTC_445ce/fast"
/usr/bin/make -f CMakeFiles/cmTC_445ce.dir/build.make CMakeFiles/cmTC_445ce.dir/build
make[1]: Entering directory '/home/rrameshwar/JacoTeleoperationHaptics/build_isolated/convenience_ros_functions/CMakeFiles/CMakeTmp'
Building C object CMakeFiles/cmTC_445ce.dir/CheckSymbolExists.c.o
/usr/bin/cc    -o CMakeFiles/cmTC_445ce.dir/CheckSymbolExists.c.o   -c /home/rrameshwar/JacoTeleoperationHaptics/build_isolated/convenience_ros_functions/CMakeFiles/CMakeTmp/CheckSymbolExists.c
Linking C executable cmTC_445ce
/usr/bin/cmake -E cmake_link_script CMakeFiles/cmTC_445ce.dir/link.txt --verbose=1
/usr/bin/cc      -rdynamic CMakeFiles/cmTC_445ce.dir/CheckSymbolExists.c.o  -o cmTC_445ce 
CMakeFiles/cmTC_445ce.dir/CheckSymbolExists.c.o: In function `main':
CheckSymbolExists.c:(.text+0x1b): undefined reference to `pthread_create'
collect2: error: ld returned 1 exit status
CMakeFiles/cmTC_445ce.dir/build.make:97: recipe for target 'cmTC_445ce' failed
make[1]: *** [cmTC_445ce] Error 1
make[1]: Leaving directory '/home/rrameshwar/JacoTeleoperationHaptics/build_isolated/convenience_ros_functions/CMakeFiles/CMakeTmp'
Makefile:126: recipe for target 'cmTC_445ce/fast' failed
make: *** [cmTC_445ce/fast] Error 2

File /home/rrameshwar/JacoTeleoperationHaptics/build_isolated/convenience_ros_functions/CMakeFiles/CMakeTmp/CheckSymbolExists.c:
/* */
#include <pthread.h>

int main(int argc, char** argv)
{
  (void)argv;
#ifndef pthread_create
  return ((int*)(&pthread_create))[argc];
#else
  (void)argc;
  return 0;
#endif
}

Determining if the function pthread_create exists in the pthreads failed with the following output:
Change Dir: /home/rrameshwar/JacoTeleoperationHaptics/build_isolated/convenience_ros_functions/CMakeFiles/CMakeTmp

Run Build Command:"/usr/bin/make" "cmTC_0a577/fast"
/usr/bin/make -f CMakeFiles/cmTC_0a577.dir/build.make CMakeFiles/cmTC_0a577.dir/build
make[1]: Entering directory '/home/rrameshwar/JacoTeleoperationHaptics/build_isolated/convenience_ros_functions/CMakeFiles/CMakeTmp'
Building C object CMakeFiles/cmTC_0a577.dir/CheckFunctionExists.c.o
/usr/bin/cc   -DCHECK_FUNCTION_EXISTS=pthread_create   -o CMakeFiles/cmTC_0a577.dir/CheckFunctionExists.c.o   -c /usr/share/cmake-3.10/Modules/CheckFunctionExists.c
Linking C executable cmTC_0a577
/usr/bin/cmake -E cmake_link_script CMakeFiles/cmTC_0a577.dir/link.txt --verbose=1
/usr/bin/cc  -DCHECK_FUNCTION_EXISTS=pthread_create    -rdynamic CMakeFiles/cmTC_0a577.dir/CheckFunctionExists.c.o  -o cmTC_0a577 -lpthreads 
/usr/bin/x86_64-linux-gnu-ld: cannot find -lpthreads
collect2: error: ld returned 1 exit status
CMakeFiles/cmTC_0a577.dir/build.make:97: recipe for target 'cmTC_0a577' failed
make[1]: *** [cmTC_0a577] Error 1
make[1]: Leaving directory '/home/rrameshwar/JacoTeleoperationHaptics/build_isolated/convenience_ros_functions/CMakeFiles/CMakeTmp'
Makefile:126: recipe for target 'cmTC_0a577/fast' failed
make: *** [cmTC_0a577/fast] Error 2


